# JRE version: OpenJDK Runtime Environment Temurin-17.0.2+8 (17.0.2+8) (build 17.0.2+8)
# Java VM: OpenJDK 64-Bit Server VM Temurin-17.0.2+8 (17.0.2+8, mixed mode, emulated-client, tiered, compressed oops, compressed class ptrs, g1 gc, windows-amd64)
GC Precious Log:
 CPUs: 12 total, 12 available
 Memory: 7597M
 Large Page Support: Disabled
 NUMA Support: Disabled
 Compressed Oops: Enabled (32-bit)
 Heap Region Size: 1M
 Heap Min Capacity: 8M
 Heap Initial Capacity: 120M
 Heap Max Capacity: 1900M
 Pre-touch: Disabled
 Parallel Workers: 10
 Concurrent Workers: 3
 Concurrent Refinement Workers: 10
 Periodic GC: Disabled
Heap:
 garbage-first heap   total 73728K, used 26220K [0x0000000089400000, 0x0000000100000000)
  region size 1024K, 4 young (4096K), 4 survivors (4096K)
 Metaspace       used 55530K, committed 55936K, reserved 1097728K
  class space    used 7063K, committed 7232K, reserved 1048576K
GC Heap History (20 events):
Event: 2.643 GC heap after
{Heap after GC invocations=8 (full 0):
 garbage-first heap   total 92160K, used 13512K [0x0000000089400000, 0x0000000100000000)
  region size 1024K, 3 young (3072K), 3 survivors (3072K)
 Metaspace       used 29569K, committed 29888K, reserved 1081344K
  class space    used 3494K, committed 3648K, reserved 1048576K
}
Event: 3.069 GC heap before
{Heap before GC invocations=8 (full 0):
 garbage-first heap   total 92160K, used 64712K [0x0000000089400000, 0x0000000100000000)
  region size 1024K, 54 young (55296K), 3 survivors (3072K)
 Metaspace       used 31859K, committed 32192K, reserved 1081344K
  class space    used 3834K, committed 3968K, reserved 1048576K
}
Event: 3.073 GC heap after
{Heap after GC invocations=9 (full 0):
 garbage-first heap   total 92160K, used 15249K [0x0000000089400000, 0x0000000100000000)
  region size 1024K, 4 young (4096K), 4 survivors (4096K)
 Metaspace       used 31859K, committed 32192K, reserved 1081344K
  class space    used 3834K, committed 3968K, reserved 1048576K
}
Event: 3.632 GC heap before
{Heap before GC invocations=9 (full 0):
 garbage-first heap   total 92160K, used 66449K [0x0000000089400000, 0x0000000100000000)
  region size 1024K, 54 young (55296K), 4 survivors (4096K)
 Metaspace       used 34106K, committed 34432K, reserved 1081344K
  class space    used 4158K, committed 4288K, reserved 1048576K
}
Event: 3.638 GC heap after
{Heap after GC invocations=10 (full 0):
 garbage-first heap   total 92160K, used 16280K [0x0000000089400000, 0x0000000100000000)
  region size 1024K, 5 young (5120K), 5 survivors (5120K)
 Metaspace       used 34106K, committed 34432K, reserved 1081344K
  class space    used 4158K, committed 4288K, reserved 1048576K
}
Event: 3.886 GC heap before
{Heap before GC invocations=10 (full 0):
 garbage-first heap   total 92160K, used 35736K [0x0000000089400000, 0x0000000100000000)
  region size 1024K, 25 young (25600K), 5 survivors (5120K)
 Metaspace       used 35693K, committed 35968K, reserved 1081344K
  class space    used 4477K, committed 4608K, reserved 1048576K
}
Event: 3.891 GC heap after
{Heap after GC invocations=11 (full 0):
 garbage-first heap   total 92160K, used 16710K [0x0000000089400000, 0x0000000100000000)
  region size 1024K, 4 young (4096K), 4 survivors (4096K)
 Metaspace       used 35693K, committed 35968K, reserved 1081344K
  class space    used 4477K, committed 4608K, reserved 1048576K
}
Event: 4.298 GC heap before
{Heap before GC invocations=12 (full 0):
 garbage-first heap   total 61440K, used 49478K [0x0000000089400000, 0x0000000100000000)
  region size 1024K, 36 young (36864K), 4 survivors (4096K)
 Metaspace       used 38066K, committed 38400K, reserved 1089536K
  class space    used 4820K, committed 4992K, reserved 1048576K
}
Event: 4.305 GC heap after
{Heap after GC invocations=13 (full 0):
 garbage-first heap   total 73728K, used 17844K [0x0000000089400000, 0x0000000100000000)
  region size 1024K, 4 young (4096K), 4 survivors (4096K)
 Metaspace       used 38066K, committed 38400K, reserved 1089536K
  class space    used 4820K, committed 4992K, reserved 1048576K
}
Event: 4.314 GC heap before
{Heap before GC invocations=13 (full 0):
 garbage-first heap   total 73728K, used 18868K [0x0000000089400000, 0x0000000100000000)
  region size 1024K, 5 young (5120K), 4 survivors (4096K)
 Metaspace       used 38236K, committed 38592K, reserved 1089536K
  class space    used 4851K, committed 5056K, reserved 1048576K
}
Event: 4.318 GC heap after
{Heap after GC invocations=14 (full 0):
 garbage-first heap   total 73728K, used 18052K [0x0000000089400000, 0x0000000100000000)
  region size 1024K, 1 young (1024K), 1 survivors (1024K)
 Metaspace       used 38236K, committed 38592K, reserved 1089536K
  class space    used 4851K, committed 5056K, reserved 1048576K
}
Event: 4.912 GC heap before
{Heap before GC invocations=14 (full 0):
 garbage-first heap   total 73728K, used 59012K [0x0000000089400000, 0x0000000100000000)
  region size 1024K, 41 young (41984K), 1 survivors (1024K)
 Metaspace       used 42559K, committed 42880K, reserved 1089536K
  class space    used 5390K, committed 5568K, reserved 1048576K
}
Event: 4.917 GC heap after
{Heap after GC invocations=15 (full 0):
 garbage-first heap   total 73728K, used 19121K [0x0000000089400000, 0x0000000100000000)
  region size 1024K, 2 young (2048K), 2 survivors (2048K)
 Metaspace       used 42559K, committed 42880K, reserved 1089536K
  class space    used 5390K, committed 5568K, reserved 1048576K
}
Event: 5.564 GC heap before
{Heap before GC invocations=15 (full 0):
 garbage-first heap   total 73728K, used 59057K [0x0000000089400000, 0x0000000100000000)
  region size 1024K, 41 young (41984K), 2 survivors (2048K)
 Metaspace       used 47213K, committed 47616K, reserved 1097728K
  class space    used 5960K, committed 6144K, reserved 1048576K
}
Event: 5.568 GC heap after
{Heap after GC invocations=16 (full 0):
 garbage-first heap   total 73728K, used 21419K [0x0000000089400000, 0x0000000100000000)
  region size 1024K, 4 young (4096K), 4 survivors (4096K)
 Metaspace       used 47213K, committed 47616K, reserved 1097728K
  class space    used 5960K, committed 6144K, reserved 1048576K
}
Event: 6.066 GC heap before
{Heap before GC invocations=16 (full 0):
 garbage-first heap   total 73728K, used 59307K [0x0000000089400000, 0x0000000100000000)
  region size 1024K, 41 young (41984K), 4 survivors (4096K)
 Metaspace       used 50818K, committed 51200K, reserved 1097728K
  class space    used 6402K, committed 6592K, reserved 1048576K
}
Event: 6.075 GC heap after
{Heap after GC invocations=17 (full 0):
 garbage-first heap   total 73728K, used 22395K [0x0000000089400000, 0x0000000100000000)
  region size 1024K, 4 young (4096K), 4 survivors (4096K)
 Metaspace       used 50818K, committed 51200K, reserved 1097728K
  class space    used 6402K, committed 6592K, reserved 1048576K
}
Event: 6.708 GC heap before
{Heap before GC invocations=17 (full 0):
 garbage-first heap   total 73728K, used 58235K [0x0000000089400000, 0x0000000100000000)
  region size 1024K, 39 young (39936K), 4 survivors (4096K)
 Metaspace       used 53442K, committed 53824K, reserved 1097728K
  class space    used 6776K, committed 6976K, reserved 1048576K
}
Event: 6.721 GC heap after
{Heap after GC invocations=18 (full 0):
 garbage-first heap   total 73728K, used 24661K [0x0000000089400000, 0x0000000100000000)
  region size 1024K, 4 young (4096K), 4 survivors (4096K)
 Metaspace       used 53442K, committed 53824K, reserved 1097728K
  class space    used 6776K, committed 6976K, reserved 1048576K
}
Event: 7.192 GC heap before
{Heap before GC invocations=18 (full 0):
 garbage-first heap   total 73728K, used 58453K [0x0000000089400000, 0x0000000100000000)
  region size 1024K, 37 young (37888K), 4 survivors (4096K)
 Metaspace       used 55530K, committed 55936K, reserved 1097728K
  class space    used 7063K, committed 7232K, reserved 1048576K
}

